This file contains any messages produced by compilers while
running configure, to aid debugging if configure makes a mistake.

It was created by libsecp256k1 configure 0.1, which was
generated by GNU Autoconf 2.69.  Invocation command line was

  $ ./configure --disable-option-checking --prefix=/home/ge/opt/qtum/depends/arm-linux-gnueabihf --enable-glibc-back-compat --enable-reduce-exports LDFLAGS=-static-libstdc++ --disable-shared --with-pic --with-bignum=no --enable-module-recovery --enable-module-ecdh --enable-experimental --disable-jni --cache-file=/dev/null --srcdir=.

## --------- ##
## Platform. ##
## --------- ##

hostname = Ge-PC
uname -m = x86_64
uname -r = 4.4.0-128-generic
uname -s = Linux
uname -v = #154~14.04.1-Ubuntu SMP Fri May 25 14:58:51 UTC 2018

/usr/bin/uname -p = unknown
/bin/uname -X     = unknown

/bin/arch              = unknown
/usr/bin/arch -k       = unknown
/usr/convex/getsysinfo = unknown
/usr/bin/hostinfo      = unknown
/bin/machine           = unknown
/usr/bin/oslevel       = unknown
/bin/universe          = unknown

PATH: /home/ge/opt/qtum/depends/arm-linux-gnueabihf/share/../native/bin
PATH: /home/ge/.nvm/versions/node/v10.0.0/bin
PATH: /home/ge/opt/anaconda3/bin
PATH: /home/ge/bin
PATH: /usr/local/sbin
PATH: /usr/local/bin
PATH: /usr/sbin
PATH: /usr/bin
PATH: /sbin
PATH: /bin
PATH: /usr/games
PATH: /usr/local/games


## ----------- ##
## Core tests. ##
## ----------- ##

configure:2259: loading site script /home/ge/opt/qtum/depends/arm-linux-gnueabihf/share/config.site
| depends_prefix="`dirname ${ac_site_file}`/.."
| 
| cross_compiling=maybe
| host_alias=arm-linux-gnueabihf
| ac_tool_prefix=${host_alias}-
| 
| if test -z $with_boost; then
|   with_boost=$depends_prefix
| fi
| if test -z $with_qt_plugindir; then
|   with_qt_plugindir=$depends_prefix/plugins
| fi
| if test -z $with_qt_translationdir; then
|   with_qt_translationdir=$depends_prefix/translations
| fi
| if test -z $with_qt_bindir && test -z "1"; then
|   with_qt_bindir=$depends_prefix/native/bin
| fi
| if test -z $with_protoc_bindir && test -z "1"; then
|   with_protoc_bindir=$depends_prefix/native/bin
| fi
| 
| 
| if test -z $enable_wallet && test -n ""; then
|   enable_wallet=no
| fi
| 
| if test -z $with_miniupnpc && test -n ""; then
|   with_miniupnpc=no
| fi
| 
| if test -z $with_gui && test -n "1"; then
|   with_gui=no
| fi
| 
| if test xlinux = xdarwin; then
|   BREW=no
|   PORT=no
| fi
| 
| if test xlinux = xmingw32; then
|   if test -z $with_qt_incdir; then
|     with_qt_incdir=$depends_prefix/include
|   fi
|   if test -z $with_qt_libdir; then
|     with_qt_libdir=$depends_prefix/lib
|   fi
| fi
| 
| PATH=$depends_prefix/native/bin:$PATH
| PKG_CONFIG="`which pkg-config` --static"
| 
| # These two need to remain exported because pkg-config does not see them
| # otherwise. That means they must be unexported at the end of configure.ac to
| # avoid ruining the cache. Sigh.
| export PKG_CONFIG_PATH=$depends_prefix/share/pkgconfig:$depends_prefix/lib/pkgconfig
| if test -z ""; then
|   export PKGCONFIG_LIBDIR=
| fi
| 
| CPPFLAGS="-I$depends_prefix/include/ $CPPFLAGS"
| LDFLAGS="-L$depends_prefix/lib $LDFLAGS"
| 
| CC="arm-linux-gnueabihf-gcc"
| CXX="arm-linux-gnueabihf-g++"
| OBJC="${CC}"
| CCACHE=$depends_prefix/native/bin/ccache
| PYTHONPATH=$depends_prefix/native/lib/python/dist-packages:$PYTHONPATH
| 
| if test -n "arm-linux-gnueabihf-ar"; then
|   AR=arm-linux-gnueabihf-ar
|   ac_cv_path_ac_pt_AR=${AR}
| fi
| 
| if test -n "arm-linux-gnueabihf-ranlib"; then
|   RANLIB=arm-linux-gnueabihf-ranlib
|   ac_cv_path_ac_pt_RANLIB=${RANLIB}
| fi
| 
| if test -n "arm-linux-gnueabihf-nm"; then
|   NM=arm-linux-gnueabihf-nm
|   ac_cv_path_ac_pt_NM=${NM}
| fi
| 
| if test -n ""; then
|   enable_reduce_exports=no
| fi
| 
| if test -n "-pipe -O2"; then
|   CFLAGS="-pipe -O2 $CFLAGS"
| fi
| if test -n "-pipe -O2"; then
|   CXXFLAGS="-pipe -O2 $CXXFLAGS"
| fi
| if test -n ""; then
|   CPPFLAGS=" $CPPFLAGS"
| fi
| if test -n ""; then
|   LDFLAGS=" $LDFLAGS"
| fi
configure:2389: checking build system type
configure:2403: result: x86_64-unknown-linux-gnu
configure:2423: checking host system type
configure:2436: result: arm-unknown-linux-gnueabihf
configure:2475: checking for a BSD-compatible install
configure:2543: result: /usr/bin/install -c
configure:2554: checking whether build environment is sane
configure:2609: result: yes
configure:2668: checking for arm-linux-gnueabihf-strip
configure:2684: found /usr/bin/arm-linux-gnueabihf-strip
configure:2695: result: arm-linux-gnueabihf-strip
configure:2760: checking for a thread-safe mkdir -p
configure:2799: result: /bin/mkdir -p
configure:2806: checking for gawk
configure:2822: found /usr/bin/gawk
configure:2833: result: gawk
configure:2844: checking whether make sets $(MAKE)
configure:2866: result: yes
configure:2895: checking whether make supports nested variables
configure:2912: result: yes
configure:3083: checking how to print strings
configure:3110: result: printf
configure:3143: checking for style of include used by make
configure:3171: result: GNU
configure:3202: checking for arm-linux-gnueabihf-gcc
configure:3229: result: arm-linux-gnueabihf-gcc
configure:3498: checking for C compiler version
configure:3507: arm-linux-gnueabihf-gcc --version >&5
arm-linux-gnueabihf-gcc (Ubuntu/Linaro 4.8.4-2ubuntu1~14.04.1) 4.8.4
Copyright (C) 2013 Free Software Foundation, Inc.
This is free software; see the source for copying conditions.  There is NO
warranty; not even for MERCHANTABILITY or FITNESS FOR A PARTICULAR PURPOSE.

configure:3518: $? = 0
configure:3507: arm-linux-gnueabihf-gcc -v >&5
Using built-in specs.
COLLECT_GCC=arm-linux-gnueabihf-gcc
COLLECT_LTO_WRAPPER=/usr/lib/gcc-cross/arm-linux-gnueabihf/4.8/lto-wrapper
Target: arm-linux-gnueabihf
Configured with: ../src/configure -v --with-pkgversion='Ubuntu/Linaro 4.8.4-2ubuntu1~14.04.1' --with-bugurl=file:///usr/share/doc/gcc-4.8/README.Bugs --enable-languages=c,c++,java,go,d,fortran,objc,obj-c++ --prefix=/usr --program-suffix=-4.8 --enable-shared --enable-linker-build-id --libexecdir=/usr/lib --without-included-gettext --enable-threads=posix --with-gxx-include-dir=/usr/arm-linux-gnueabihf/include/c++/4.8.4 --libdir=/usr/lib --enable-nls --with-sysroot=/ --enable-clocale=gnu --enable-libstdcxx-debug --enable-libstdcxx-time=yes --enable-gnu-unique-object --disable-libmudflap --disable-libitm --disable-libquadmath --enable-plugin --with-system-zlib --disable-browser-plugin --enable-java-awt=gtk --enable-gtk-cairo --with-java-home=/usr/lib/jvm/java-1.5.0-gcj-4.8-armhf-cross/jre --enable-java-home --with-jvm-root-dir=/usr/lib/jvm/java-1.5.0-gcj-4.8-armhf-cross --with-jvm-jar-dir=/usr/lib/jvm-exports/java-1.5.0-gcj-4.8-armhf-cross --with-arch-directory=arm --with-ecj-jar=/usr/share/java/eclipse-ecj.jar --disable-libgcj --enable-objc-gc --enable-multiarch --enable-multilib --disable-sjlj-exceptions --with-arch=armv7-a --with-fpu=vfpv3-d16 --with-float=hard --with-mode=thumb --disable-werror --enable-checking=release --build=x86_64-linux-gnu --host=x86_64-linux-gnu --target=arm-linux-gnueabihf --program-prefix=arm-linux-gnueabihf- --includedir=/usr/arm-linux-gnueabihf/include
Thread model: posix
gcc version 4.8.4 (Ubuntu/Linaro 4.8.4-2ubuntu1~14.04.1) 
configure:3518: $? = 0
configure:3507: arm-linux-gnueabihf-gcc -V >&5
arm-linux-gnueabihf-gcc: error: unrecognized command line option '-V'
arm-linux-gnueabihf-gcc: fatal error: no input files
compilation terminated.
configure:3518: $? = 4
configure:3507: arm-linux-gnueabihf-gcc -qversion >&5
arm-linux-gnueabihf-gcc: error: unrecognized command line option '-qversion'
arm-linux-gnueabihf-gcc: fatal error: no input files
compilation terminated.
configure:3518: $? = 4
configure:3538: checking whether the C compiler works
configure:3560: arm-linux-gnueabihf-gcc -pipe -O2  -I/home/ge/opt/qtum/depends/arm-linux-gnueabihf/share/../include/  -L/home/ge/opt/qtum/depends/arm-linux-gnueabihf/share/../lib -static-libstdc++ conftest.c  >&5
configure:3564: $? = 0
configure:3612: result: yes
configure:3615: checking for C compiler default output file name
configure:3617: result: a.out
configure:3623: checking for suffix of executables
configure:3630: arm-linux-gnueabihf-gcc -o conftest -pipe -O2  -I/home/ge/opt/qtum/depends/arm-linux-gnueabihf/share/../include/  -L/home/ge/opt/qtum/depends/arm-linux-gnueabihf/share/../lib -static-libstdc++ conftest.c  >&5
configure:3634: $? = 0
configure:3656: result: 
configure:3678: checking whether we are cross compiling
configure:3686: arm-linux-gnueabihf-gcc -o conftest -pipe -O2  -I/home/ge/opt/qtum/depends/arm-linux-gnueabihf/share/../include/  -L/home/ge/opt/qtum/depends/arm-linux-gnueabihf/share/../lib -static-libstdc++ conftest.c  >&5
configure:3690: $? = 0
configure:3697: ./conftest
./configure: line 3699: ./conftest: cannot execute binary file: Exec format error
configure:3701: $? = 126
configure:3716: result: yes
configure:3721: checking for suffix of object files
configure:3743: arm-linux-gnueabihf-gcc -c -pipe -O2  -I/home/ge/opt/qtum/depends/arm-linux-gnueabihf/share/../include/  conftest.c >&5
configure:3747: $? = 0
configure:3768: result: o
configure:3772: checking whether we are using the GNU C compiler
configure:3791: arm-linux-gnueabihf-gcc -c -pipe -O2  -I/home/ge/opt/qtum/depends/arm-linux-gnueabihf/share/../include/  conftest.c >&5
configure:3791: $? = 0
configure:3800: result: yes
configure:3809: checking whether arm-linux-gnueabihf-gcc accepts -g
configure:3829: arm-linux-gnueabihf-gcc -c -g -I/home/ge/opt/qtum/depends/arm-linux-gnueabihf/share/../include/  conftest.c >&5
configure:3829: $? = 0
configure:3870: result: yes
configure:3887: checking for arm-linux-gnueabihf-gcc option to accept ISO C89
configure:3950: arm-linux-gnueabihf-gcc  -c -pipe -O2  -I/home/ge/opt/qtum/depends/arm-linux-gnueabihf/share/../include/  conftest.c >&5
configure:3950: $? = 0
configure:3963: result: none needed
configure:3988: checking whether arm-linux-gnueabihf-gcc understands -c and -o together
configure:4010: arm-linux-gnueabihf-gcc -c conftest.c -o conftest2.o
configure:4013: $? = 0
configure:4010: arm-linux-gnueabihf-gcc -c conftest.c -o conftest2.o
configure:4013: $? = 0
configure:4025: result: yes
configure:4044: checking dependency style of arm-linux-gnueabihf-gcc
configure:4155: result: gcc3
configure:4170: checking for a sed that does not truncate output
configure:4234: result: /bin/sed
configure:4252: checking for grep that handles long lines and -e
configure:4310: result: /bin/grep
configure:4315: checking for egrep
configure:4377: result: /bin/grep -E
configure:4382: checking for fgrep
configure:4444: result: /bin/grep -F
configure:4479: checking for ld used by arm-linux-gnueabihf-gcc
configure:4546: result: /usr/arm-linux-gnueabihf/bin/ld
configure:4553: checking if the linker (/usr/arm-linux-gnueabihf/bin/ld) is GNU ld
configure:4568: result: yes
configure:4580: checking for BSD- or MS-compatible name lister (nm)
configure:4629: result: arm-linux-gnueabihf-nm
configure:4759: checking the name lister (arm-linux-gnueabihf-nm) interface
configure:4766: arm-linux-gnueabihf-gcc -c -pipe -O2  -I/home/ge/opt/qtum/depends/arm-linux-gnueabihf/share/../include/  conftest.c >&5
configure:4769: arm-linux-gnueabihf-nm "conftest.o"
configure:4772: output
00000000 B some_variable
configure:4779: result: BSD nm
configure:4782: checking whether ln -s works
configure:4786: result: yes
configure:4794: checking the maximum length of command line arguments
configure:4925: result: 1572864
configure:4942: checking whether the shell understands some XSI constructs
configure:4952: result: yes
configure:4956: checking whether the shell understands "+="
configure:4962: result: yes
configure:4997: checking how to convert x86_64-unknown-linux-gnu file names to arm-unknown-linux-gnueabihf format
configure:5037: result: func_convert_file_noop
configure:5044: checking how to convert x86_64-unknown-linux-gnu file names to toolchain format
configure:5064: result: func_convert_file_noop
configure:5071: checking for /usr/arm-linux-gnueabihf/bin/ld option to reload object files
configure:5078: result: -r
configure:5112: checking for arm-linux-gnueabihf-objdump
configure:5128: found /usr/bin/arm-linux-gnueabihf-objdump
configure:5139: result: arm-linux-gnueabihf-objdump
configure:5211: checking how to recognize dependent libraries
configure:5409: result: pass_all
configure:5454: checking for arm-linux-gnueabihf-dlltool
configure:5484: result: no
configure:5494: checking for dlltool
configure:5524: result: no
configure:5554: checking how to associate runtime and link libraries
configure:5581: result: printf %s\n
configure:5598: checking for arm-linux-gnueabihf-ar
configure:5625: result: arm-linux-gnueabihf-ar
configure:5706: checking for archiver @FILE support
configure:5723: arm-linux-gnueabihf-gcc -c -pipe -O2  -I/home/ge/opt/qtum/depends/arm-linux-gnueabihf/share/../include/  conftest.c >&5
configure:5723: $? = 0
configure:5726: arm-linux-gnueabihf-ar cru libconftest.a @conftest.lst >&5
configure:5729: $? = 0
configure:5734: arm-linux-gnueabihf-ar cru libconftest.a @conftest.lst >&5
arm-linux-gnueabihf-ar: conftest.o: No such file or directory
configure:5737: $? = 1
configure:5749: result: @
configure:5767: checking for arm-linux-gnueabihf-strip
configure:5794: result: arm-linux-gnueabihf-strip
configure:5866: checking for arm-linux-gnueabihf-ranlib
configure:5893: result: arm-linux-gnueabihf-ranlib
configure:6035: checking command to parse arm-linux-gnueabihf-nm output from arm-linux-gnueabihf-gcc object
configure:6155: arm-linux-gnueabihf-gcc -c -pipe -O2  -I/home/ge/opt/qtum/depends/arm-linux-gnueabihf/share/../include/  conftest.c >&5
configure:6158: $? = 0
configure:6162: arm-linux-gnueabihf-nm conftest.o \| sed -n -e 's/^.*[ ]\([ABCDGIRSTW][ABCDGIRSTW]*\)[ ][ ]*\([_A-Za-z][_A-Za-z0-9]*\)$/\1 \2 \2/p' | sed '/ __gnu_lto/d' \> conftest.nm
configure:6165: $? = 0
configure:6231: arm-linux-gnueabihf-gcc -o conftest -pipe -O2  -I/home/ge/opt/qtum/depends/arm-linux-gnueabihf/share/../include/  -L/home/ge/opt/qtum/depends/arm-linux-gnueabihf/share/../lib -static-libstdc++ conftest.c conftstm.o >&5
configure:6234: $? = 0
configure:6272: result: ok
configure:6309: checking for sysroot
configure:6339: result: no
configure:6568: checking for arm-linux-gnueabihf-mt
configure:6598: result: no
configure:6608: checking for mt
configure:6624: found /bin/mt
configure:6635: result: mt
configure:6647: WARNING: using cross tools not prefixed with host triplet
configure:6658: checking if mt is a manifest tool
configure:6664: mt '-?'
configure:6672: result: no
configure:7314: checking how to run the C preprocessor
configure:7345: arm-linux-gnueabihf-gcc -E -I/home/ge/opt/qtum/depends/arm-linux-gnueabihf/share/../include/  conftest.c
configure:7345: $? = 0
configure:7359: arm-linux-gnueabihf-gcc -E -I/home/ge/opt/qtum/depends/arm-linux-gnueabihf/share/../include/  conftest.c
conftest.c:11:28: fatal error: ac_nonexistent.h: No such file or directory
 #include <ac_nonexistent.h>
                            ^
compilation terminated.
configure:7359: $? = 1
configure: failed program was:
| /* confdefs.h */
| #define PACKAGE_NAME "libsecp256k1"
| #define PACKAGE_TARNAME "libsecp256k1"
| #define PACKAGE_VERSION "0.1"
| #define PACKAGE_STRING "libsecp256k1 0.1"
| #define PACKAGE_BUGREPORT ""
| #define PACKAGE_URL ""
| #define PACKAGE "libsecp256k1"
| #define VERSION "0.1"
| /* end confdefs.h.  */
| #include <ac_nonexistent.h>
configure:7384: result: arm-linux-gnueabihf-gcc -E
configure:7404: arm-linux-gnueabihf-gcc -E -I/home/ge/opt/qtum/depends/arm-linux-gnueabihf/share/../include/  conftest.c
configure:7404: $? = 0
configure:7418: arm-linux-gnueabihf-gcc -E -I/home/ge/opt/qtum/depends/arm-linux-gnueabihf/share/../include/  conftest.c
conftest.c:11:28: fatal error: ac_nonexistent.h: No such file or directory
 #include <ac_nonexistent.h>
                            ^
compilation terminated.
configure:7418: $? = 1
configure: failed program was:
| /* confdefs.h */
| #define PACKAGE_NAME "libsecp256k1"
| #define PACKAGE_TARNAME "libsecp256k1"
| #define PACKAGE_VERSION "0.1"
| #define PACKAGE_STRING "libsecp256k1 0.1"
| #define PACKAGE_BUGREPORT ""
| #define PACKAGE_URL ""
| #define PACKAGE "libsecp256k1"
| #define VERSION "0.1"
| /* end confdefs.h.  */
| #include <ac_nonexistent.h>
configure:7447: checking for ANSI C header files
configure:7467: arm-linux-gnueabihf-gcc -c -pipe -O2  -I/home/ge/opt/qtum/depends/arm-linux-gnueabihf/share/../include/  conftest.c >&5
configure:7467: $? = 0
configure:7551: result: yes
configure:7564: checking for sys/types.h
configure:7564: arm-linux-gnueabihf-gcc -c -pipe -O2  -I/home/ge/opt/qtum/depends/arm-linux-gnueabihf/share/../include/  conftest.c >&5
configure:7564: $? = 0
configure:7564: result: yes
configure:7564: checking for sys/stat.h
configure:7564: arm-linux-gnueabihf-gcc -c -pipe -O2  -I/home/ge/opt/qtum/depends/arm-linux-gnueabihf/share/../include/  conftest.c >&5
configure:7564: $? = 0
configure:7564: result: yes
configure:7564: checking for stdlib.h
configure:7564: arm-linux-gnueabihf-gcc -c -pipe -O2  -I/home/ge/opt/qtum/depends/arm-linux-gnueabihf/share/../include/  conftest.c >&5
configure:7564: $? = 0
configure:7564: result: yes
configure:7564: checking for string.h
configure:7564: arm-linux-gnueabihf-gcc -c -pipe -O2  -I/home/ge/opt/qtum/depends/arm-linux-gnueabihf/share/../include/  conftest.c >&5
configure:7564: $? = 0
configure:7564: result: yes
configure:7564: checking for memory.h
configure:7564: arm-linux-gnueabihf-gcc -c -pipe -O2  -I/home/ge/opt/qtum/depends/arm-linux-gnueabihf/share/../include/  conftest.c >&5
configure:7564: $? = 0
configure:7564: result: yes
configure:7564: checking for strings.h
configure:7564: arm-linux-gnueabihf-gcc -c -pipe -O2  -I/home/ge/opt/qtum/depends/arm-linux-gnueabihf/share/../include/  conftest.c >&5
configure:7564: $? = 0
configure:7564: result: yes
configure:7564: checking for inttypes.h
configure:7564: arm-linux-gnueabihf-gcc -c -pipe -O2  -I/home/ge/opt/qtum/depends/arm-linux-gnueabihf/share/../include/  conftest.c >&5
configure:7564: $? = 0
configure:7564: result: yes
configure:7564: checking for stdint.h
configure:7564: arm-linux-gnueabihf-gcc -c -pipe -O2  -I/home/ge/opt/qtum/depends/arm-linux-gnueabihf/share/../include/  conftest.c >&5
configure:7564: $? = 0
configure:7564: result: yes
configure:7564: checking for unistd.h
configure:7564: arm-linux-gnueabihf-gcc -c -pipe -O2  -I/home/ge/opt/qtum/depends/arm-linux-gnueabihf/share/../include/  conftest.c >&5
configure:7564: $? = 0
configure:7564: result: yes
configure:7578: checking for dlfcn.h
configure:7578: arm-linux-gnueabihf-gcc -c -pipe -O2  -I/home/ge/opt/qtum/depends/arm-linux-gnueabihf/share/../include/  conftest.c >&5
configure:7578: $? = 0
configure:7578: result: yes
configure:7784: checking for objdir
configure:7799: result: .libs
configure:8070: checking if arm-linux-gnueabihf-gcc supports -fno-rtti -fno-exceptions
configure:8088: arm-linux-gnueabihf-gcc -c -pipe -O2  -I/home/ge/opt/qtum/depends/arm-linux-gnueabihf/share/../include/  -fno-rtti -fno-exceptions conftest.c >&5
cc1: warning: command line option '-fno-rtti' is valid for C++/ObjC++ but not for C [enabled by default]
configure:8092: $? = 0
configure:8105: result: no
configure:8432: checking for arm-linux-gnueabihf-gcc option to produce PIC
configure:8439: result: -fPIC -DPIC
configure:8447: checking if arm-linux-gnueabihf-gcc PIC flag -fPIC -DPIC works
configure:8465: arm-linux-gnueabihf-gcc -c -pipe -O2  -I/home/ge/opt/qtum/depends/arm-linux-gnueabihf/share/../include/  -fPIC -DPIC -DPIC conftest.c >&5
configure:8469: $? = 0
configure:8482: result: yes
configure:8511: checking if arm-linux-gnueabihf-gcc static flag -static works
configure:8539: result: yes
configure:8554: checking if arm-linux-gnueabihf-gcc supports -c -o file.o
configure:8575: arm-linux-gnueabihf-gcc -c -pipe -O2  -I/home/ge/opt/qtum/depends/arm-linux-gnueabihf/share/../include/  -o out/conftest2.o conftest.c >&5
configure:8579: $? = 0
configure:8601: result: yes
configure:8609: checking if arm-linux-gnueabihf-gcc supports -c -o file.o
configure:8656: result: yes
configure:8689: checking whether the arm-linux-gnueabihf-gcc linker (/usr/arm-linux-gnueabihf/bin/ld) supports shared libraries
configure:9846: result: yes
configure:10086: checking dynamic linker characteristics
configure:10586: arm-linux-gnueabihf-gcc -o conftest -pipe -O2  -I/home/ge/opt/qtum/depends/arm-linux-gnueabihf/share/../include/  -L/home/ge/opt/qtum/depends/arm-linux-gnueabihf/share/../lib -static-libstdc++ -Wl,-rpath -Wl,/foo conftest.c  >&5
configure:10586: $? = 0
configure:10820: result: GNU/Linux ld.so
configure:10927: checking how to hardcode library paths into programs
configure:10952: result: immediate
configure:11492: checking whether stripping libraries is possible
configure:11497: result: yes
configure:11532: checking if libtool supports shared libraries
configure:11534: result: yes
configure:11537: checking whether to build shared libraries
configure:11558: result: no
configure:11561: checking whether to build static libraries
configure:11565: result: yes
configure:11614: checking whether make supports nested variables
configure:11631: result: yes
configure:11654: checking for arm-linux-gnueabihf-pkg-config
configure:11684: result: /usr/bin/pkg-config --static
configure:11752: checking pkg-config is at least version 0.9.0
configure:11755: result: yes
configure:11767: checking for arm-linux-gnueabihf-ar
configure:11785: found /usr/bin/arm-linux-gnueabihf-ar
configure:11797: result: /usr/bin/arm-linux-gnueabihf-ar
configure:11865: checking for arm-linux-gnueabihf-ranlib
configure:11883: found /usr/bin/arm-linux-gnueabihf-ranlib
configure:11895: result: /usr/bin/arm-linux-gnueabihf-ranlib
configure:11963: checking for arm-linux-gnueabihf-strip
configure:11981: found /usr/bin/arm-linux-gnueabihf-strip
configure:11993: result: /usr/bin/arm-linux-gnueabihf-strip
configure:12114: checking for gcc
configure:12130: found /usr/bin/gcc
configure:12141: result: gcc
configure:12370: checking for C compiler version
configure:12379: gcc --version >&5
gcc (Ubuntu 5.5.0-12ubuntu1~14.04) 5.5.0 20171010
Copyright (C) 2015 Free Software Foundation, Inc.
This is free software; see the source for copying conditions.  There is NO
warranty; not even for MERCHANTABILITY or FITNESS FOR A PARTICULAR PURPOSE.

configure:12390: $? = 0
configure:12379: gcc -v >&5
Using built-in specs.
COLLECT_GCC=gcc
COLLECT_LTO_WRAPPER=/usr/lib/gcc/x86_64-linux-gnu/5/lto-wrapper
Target: x86_64-linux-gnu
Configured with: ../src/configure -v --with-pkgversion='Ubuntu 5.5.0-12ubuntu1~14.04' --with-bugurl=file:///usr/share/doc/gcc-5/README.Bugs --enable-languages=c,ada,c++,java,go,d,fortran,objc,obj-c++ --prefix=/usr --program-suffix=-5 --enable-shared --enable-linker-build-id --libexecdir=/usr/lib --without-included-gettext --enable-threads=posix --libdir=/usr/lib --enable-nls --with-sysroot=/ --enable-clocale=gnu --enable-libstdcxx-debug --enable-libstdcxx-time=yes --with-default-libstdcxx-abi=gcc4-compatible --disable-libstdcxx-dual-abi --enable-gnu-unique-object --disable-vtable-verify --enable-libmpx --enable-plugin --with-system-zlib --disable-browser-plugin --enable-java-awt=gtk --enable-gtk-cairo --with-java-home=/usr/lib/jvm/java-1.5.0-gcj-5-amd64/jre --enable-java-home --with-jvm-root-dir=/usr/lib/jvm/java-1.5.0-gcj-5-amd64 --with-jvm-jar-dir=/usr/lib/jvm-exports/java-1.5.0-gcj-5-amd64 --with-arch-directory=amd64 --with-ecj-jar=/usr/share/java/eclipse-ecj.jar --enable-objc-gc --enable-multiarch --disable-werror --with-arch-32=i686 --with-abi=m64 --with-multilib-list=m32,m64,mx32 --enable-multilib --with-tune=generic --enable-checking=release --build=x86_64-linux-gnu --host=x86_64-linux-gnu --target=x86_64-linux-gnu
Thread model: posix
gcc version 5.5.0 20171010 (Ubuntu 5.5.0-12ubuntu1~14.04) 
configure:12390: $? = 0
configure:12379: gcc -V >&5
gcc: error: unrecognized command line option '-V'
gcc: fatal error: no input files
compilation terminated.
configure:12390: $? = 1
configure:12379: gcc -qversion >&5
gcc: error: unrecognized command line option '-qversion'
gcc: fatal error: no input files
compilation terminated.
configure:12390: $? = 1
configure:12394: checking whether we are using the GNU C compiler
configure:12422: result: yes
configure:12431: checking whether gcc accepts -g
configure:12451: arm-linux-gnueabihf-gcc -c -pipe -O2  -I/home/ge/opt/qtum/depends/arm-linux-gnueabihf/share/../include/  conftest.c >&5
configure:12451: $? = 0
configure:12492: result: yes
configure:12509: checking for gcc option to accept ISO C89
configure:12585: result: none needed
configure:12610: checking whether gcc understands -c and -o together
configure:12647: result: yes
configure:12666: checking dependency style of gcc
configure:12777: result: gcc3
configure:12797: checking how to run the C preprocessor
configure:12828: arm-linux-gnueabihf-gcc -E -I/home/ge/opt/qtum/depends/arm-linux-gnueabihf/share/../include/  conftest.c
configure:12828: $? = 0
configure:12842: arm-linux-gnueabihf-gcc -E -I/home/ge/opt/qtum/depends/arm-linux-gnueabihf/share/../include/  conftest.c
conftest.c:23:28: fatal error: ac_nonexistent.h: No such file or directory
 #include <ac_nonexistent.h>
                            ^
compilation terminated.
configure:12842: $? = 1
configure: failed program was:
| /* confdefs.h */
| #define PACKAGE_NAME "libsecp256k1"
| #define PACKAGE_TARNAME "libsecp256k1"
| #define PACKAGE_VERSION "0.1"
| #define PACKAGE_STRING "libsecp256k1 0.1"
| #define PACKAGE_BUGREPORT ""
| #define PACKAGE_URL ""
| #define PACKAGE "libsecp256k1"
| #define VERSION "0.1"
| #define STDC_HEADERS 1
| #define HAVE_SYS_TYPES_H 1
| #define HAVE_SYS_STAT_H 1
| #define HAVE_STDLIB_H 1
| #define HAVE_STRING_H 1
| #define HAVE_MEMORY_H 1
| #define HAVE_STRINGS_H 1
| #define HAVE_INTTYPES_H 1
| #define HAVE_STDINT_H 1
| #define HAVE_UNISTD_H 1
| #define HAVE_DLFCN_H 1
| #define LT_OBJDIR ".libs/"
| /* end confdefs.h.  */
| #include <ac_nonexistent.h>
configure:12867: result: gcc -E
configure:12887: arm-linux-gnueabihf-gcc -E -I/home/ge/opt/qtum/depends/arm-linux-gnueabihf/share/../include/  conftest.c
configure:12887: $? = 0
configure:12901: arm-linux-gnueabihf-gcc -E -I/home/ge/opt/qtum/depends/arm-linux-gnueabihf/share/../include/  conftest.c
conftest.c:23:28: fatal error: ac_nonexistent.h: No such file or directory
 #include <ac_nonexistent.h>
                            ^
compilation terminated.
configure:12901: $? = 1
configure: failed program was:
| /* confdefs.h */
| #define PACKAGE_NAME "libsecp256k1"
| #define PACKAGE_TARNAME "libsecp256k1"
| #define PACKAGE_VERSION "0.1"
| #define PACKAGE_STRING "libsecp256k1 0.1"
| #define PACKAGE_BUGREPORT ""
| #define PACKAGE_URL ""
| #define PACKAGE "libsecp256k1"
| #define VERSION "0.1"
| #define STDC_HEADERS 1
| #define HAVE_SYS_TYPES_H 1
| #define HAVE_SYS_STAT_H 1
| #define HAVE_STDLIB_H 1
| #define HAVE_STRING_H 1
| #define HAVE_MEMORY_H 1
| #define HAVE_STRINGS_H 1
| #define HAVE_INTTYPES_H 1
| #define HAVE_STDINT_H 1
| #define HAVE_UNISTD_H 1
| #define HAVE_DLFCN_H 1
| #define LT_OBJDIR ".libs/"
| /* end confdefs.h.  */
| #include <ac_nonexistent.h>
configure:12945: checking for arm-linux-gnueabihf-gcc option to accept ISO C89
configure:13021: result: none needed
configure:13048: checking dependency style of arm-linux-gnueabihf-gcc
configure:13157: result: gcc3
configure:13283: checking if arm-linux-gnueabihf-gcc supports -std=c89 -pedantic -Wall -Wextra -Wcast-align -Wnested-externs -Wshadow -Wstrict-prototypes -Wno-unused-function -Wno-long-long -Wno-overlength-strings
configure:13289: arm-linux-gnueabihf-gcc -c -pipe -O2  -W -std=c89 -pedantic -Wall -Wextra -Wcast-align -Wnested-externs -Wshadow -Wstrict-prototypes -Wno-unused-function -Wno-long-long -Wno-overlength-strings -I/home/ge/opt/qtum/depends/arm-linux-gnueabihf/share/../include/  conftest.c >&5
configure:13289: $? = 0
configure:13290: result: yes
configure:13302: checking if arm-linux-gnueabihf-gcc supports -fvisibility=hidden
configure:13308: arm-linux-gnueabihf-gcc -c -pipe -O2  -W -std=c89 -pedantic -Wall -Wextra -Wcast-align -Wnested-externs -Wshadow -Wstrict-prototypes -Wno-unused-function -Wno-long-long -Wno-overlength-strings -fvisibility=hidden -I/home/ge/opt/qtum/depends/arm-linux-gnueabihf/share/../include/  conftest.c >&5
configure:13308: $? = 0
configure:13309: result: yes
configure:13443: checking for __int128
configure:13443: arm-linux-gnueabihf-gcc -c -pipe -O2  -W -std=c89 -pedantic -Wall -Wextra -Wcast-align -Wnested-externs -Wshadow -Wstrict-prototypes -Wno-unused-function -Wno-long-long -Wno-overlength-strings -fvisibility=hidden -I/home/ge/opt/qtum/depends/arm-linux-gnueabihf/share/../include/  conftest.c >&5
conftest.c:57:1: warning: function declaration isn't a prototype [-Wstrict-prototypes]
 main ()
 ^
conftest.c: In function 'main':
conftest.c:59:13: error: '__int128' is not supported for this target
 if (sizeof (__int128))
             ^
conftest.c:59:1: warning: type defaults to 'int' in type name [-Wimplicit-int]
 if (sizeof (__int128))
 ^
configure:13443: $? = 1
configure: failed program was:
| /* confdefs.h */
| #define PACKAGE_NAME "libsecp256k1"
| #define PACKAGE_TARNAME "libsecp256k1"
| #define PACKAGE_VERSION "0.1"
| #define PACKAGE_STRING "libsecp256k1 0.1"
| #define PACKAGE_BUGREPORT ""
| #define PACKAGE_URL ""
| #define PACKAGE "libsecp256k1"
| #define VERSION "0.1"
| #define STDC_HEADERS 1
| #define HAVE_SYS_TYPES_H 1
| #define HAVE_SYS_STAT_H 1
| #define HAVE_STDLIB_H 1
| #define HAVE_STRING_H 1
| #define HAVE_MEMORY_H 1
| #define HAVE_STRINGS_H 1
| #define HAVE_INTTYPES_H 1
| #define HAVE_STDINT_H 1
| #define HAVE_UNISTD_H 1
| #define HAVE_DLFCN_H 1
| #define LT_OBJDIR ".libs/"
| /* end confdefs.h.  */
| #include <stdio.h>
| #ifdef HAVE_SYS_TYPES_H
| # include <sys/types.h>
| #endif
| #ifdef HAVE_SYS_STAT_H
| # include <sys/stat.h>
| #endif
| #ifdef STDC_HEADERS
| # include <stdlib.h>
| # include <stddef.h>
| #else
| # ifdef HAVE_STDLIB_H
| #  include <stdlib.h>
| # endif
| #endif
| #ifdef HAVE_STRING_H
| # if !defined STDC_HEADERS && defined HAVE_MEMORY_H
| #  include <memory.h>
| # endif
| # include <string.h>
| #endif
| #ifdef HAVE_STRINGS_H
| # include <strings.h>
| #endif
| #ifdef HAVE_INTTYPES_H
| # include <inttypes.h>
| #endif
| #ifdef HAVE_STDINT_H
| # include <stdint.h>
| #endif
| #ifdef HAVE_UNISTD_H
| # include <unistd.h>
| #endif
| int
| main ()
| {
| if (sizeof (__int128))
| 	 return 0;
|   ;
|   return 0;
| }
configure:13443: result: no
configure:13454: checking for __builtin_expect
configure:13460: arm-linux-gnueabihf-gcc -c -pipe -O2  -W -std=c89 -pedantic -Wall -Wextra -Wcast-align -Wnested-externs -Wshadow -Wstrict-prototypes -Wno-unused-function -Wno-long-long -Wno-overlength-strings -fvisibility=hidden -I/home/ge/opt/qtum/depends/arm-linux-gnueabihf/share/../include/  conftest.c >&5
conftest.c:23:6: warning: function declaration isn't a prototype [-Wstrict-prototypes]
 void myfunc() {__builtin_expect(0,0);}
      ^
conftest.c: In function 'myfunc':
conftest.c:23:16: warning: statement with no effect [-Wunused-value]
 void myfunc() {__builtin_expect(0,0);}
                ^
configure:13460: $? = 0
configure:13461: result: yes
configure:13487: checking native compiler: gcc
configure:13502: gcc -o conftest -pipe -O2  -W -std=c89 -pedantic -Wall -Wextra -Wcast-align -Wnested-externs -Wshadow -Wstrict-prototypes -Wno-unused-function -Wno-long-long -Wno-overlength-strings -fvisibility=hidden -O3 -I/home/ge/opt/qtum/depends/arm-linux-gnueabihf/share/../include/  -L/home/ge/opt/qtum/depends/arm-linux-gnueabihf/share/../lib -static-libstdc++ conftest.c  >&5
conftest.c:26:1: warning: function declaration isn't a prototype [-Wstrict-prototypes]
 main ()
 ^
configure:13502: $? = 0
configure:13502: ./conftest
configure:13502: $? = 0
configure:13523: result: ok
configure:13533: checking for x86_64 assembly availability
configure:13550: arm-linux-gnueabihf-gcc -c -pipe -O2  -W -std=c89 -pedantic -Wall -Wextra -Wcast-align -Wnested-externs -Wshadow -Wstrict-prototypes -Wno-unused-function -Wno-long-long -Wno-overlength-strings -fvisibility=hidden -O3 -I/home/ge/opt/qtum/depends/arm-linux-gnueabihf/share/../include/  conftest.c >&5
conftest.c:27:1: warning: function declaration isn't a prototype [-Wstrict-prototypes]
 main ()
 ^
conftest.c: In function 'main':
conftest.c:31:3: warning: 'tmp' is used uninitialized in this function [-Wuninitialized]
   __asm__ __volatile__("movq $0x100000000,%1; mulq %%rsi" : "+a"(a) : "S"(tmp) : "cc", "%rdx");
   ^
conftest.c:31:3: error: unknown register name '%rdx' in 'asm'
   __asm__ __volatile__("movq $0x100000000,%1; mulq %%rsi" : "+a"(a) : "S"(tmp) : "cc", "%rdx");
   ^
configure:13550: $? = 1
configure: failed program was:
| /* confdefs.h */
| #define PACKAGE_NAME "libsecp256k1"
| #define PACKAGE_TARNAME "libsecp256k1"
| #define PACKAGE_VERSION "0.1"
| #define PACKAGE_STRING "libsecp256k1 0.1"
| #define PACKAGE_BUGREPORT ""
| #define PACKAGE_URL ""
| #define PACKAGE "libsecp256k1"
| #define VERSION "0.1"
| #define STDC_HEADERS 1
| #define HAVE_SYS_TYPES_H 1
| #define HAVE_SYS_STAT_H 1
| #define HAVE_STDLIB_H 1
| #define HAVE_STRING_H 1
| #define HAVE_MEMORY_H 1
| #define HAVE_STRINGS_H 1
| #define HAVE_INTTYPES_H 1
| #define HAVE_STDINT_H 1
| #define HAVE_UNISTD_H 1
| #define HAVE_DLFCN_H 1
| #define LT_OBJDIR ".libs/"
| #define HAVE_BUILTIN_EXPECT 1
| /* end confdefs.h.  */
| 
|   #include <stdint.h>
| int
| main ()
| {
| 
|   uint64_t a = 11, tmp;
|   __asm__ __volatile__("movq $0x100000000,%1; mulq %%rsi" : "+a"(a) : "S"(tmp) : "cc", "%rdx");
| 
|   ;
|   return 0;
| }
configure:13556: result: no
configure:13904: checking for CRYPTO
configure:13911: $PKG_CONFIG --exists --print-errors "libcrypto"
configure:13914: $? = 0
configure:13928: $PKG_CONFIG --exists --print-errors "libcrypto"
configure:13931: $? = 0
configure:13969: result: yes
configure:13976: checking for main in -lcrypto
configure:13995: arm-linux-gnueabihf-gcc -o conftest -pipe -O2  -W -std=c89 -pedantic -Wall -Wextra -Wcast-align -Wnested-externs -Wshadow -Wstrict-prototypes -Wno-unused-function -Wno-long-long -Wno-overlength-strings -fvisibility=hidden -O3 -I/home/ge/opt/qtum/depends/arm-linux-gnueabihf/share/../include/  -L/home/ge/opt/qtum/depends/arm-linux-gnueabihf/share/../lib -static-libstdc++ conftest.c -lcrypto   -L/home/ge/opt/qtum/depends/arm-linux-gnueabihf/lib -lcrypto -ldl   >&5
conftest.c:32:1: warning: function declaration isn't a prototype [-Wstrict-prototypes]
 main ()
 ^
configure:13995: $? = 0
configure:14004: result: yes
configure:14068: checking for EC functions in libcrypto
configure:14093: arm-linux-gnueabihf-gcc -c -pipe -O2  -W -std=c89 -pedantic -Wall -Wextra -Wcast-align -Wnested-externs -Wshadow -Wstrict-prototypes -Wno-unused-function -Wno-long-long -Wno-overlength-strings -fvisibility=hidden -O3 -I/home/ge/opt/qtum/depends/arm-linux-gnueabihf/share/../include/  conftest.c >&5
conftest.c:35:1: warning: function declaration isn't a prototype [-Wstrict-prototypes]
 main ()
 ^
conftest.c: In function 'main':
conftest.c:42:5: warning: ISO C90 forbids mixed declarations and code [-Wpedantic]
     ECDSA_SIG *sig_openssl;
     ^
configure:14093: $? = 0
configure:14099: result: yes
configure:14315: checking whether byte ordering is bigendian
configure:14330: arm-linux-gnueabihf-gcc -c -pipe -O2  -W -std=c89 -pedantic -Wall -Wextra -Wcast-align -Wnested-externs -Wshadow -Wstrict-prototypes -Wno-unused-function -Wno-long-long -Wno-overlength-strings -fvisibility=hidden -O3 -I/home/ge/opt/qtum/depends/arm-linux-gnueabihf/share/../include/  conftest.c >&5
conftest.c:35:9: error: unknown type name 'not'
         not a universal capable compiler
         ^
conftest.c:35:15: error: expected '=', ',', ';', 'asm' or '__attribute__' before 'universal'
         not a universal capable compiler
               ^
conftest.c:35:15: error: unknown type name 'universal'
configure:14330: $? = 1
configure: failed program was:
| /* confdefs.h */
| #define PACKAGE_NAME "libsecp256k1"
| #define PACKAGE_TARNAME "libsecp256k1"
| #define PACKAGE_VERSION "0.1"
| #define PACKAGE_STRING "libsecp256k1 0.1"
| #define PACKAGE_BUGREPORT ""
| #define PACKAGE_URL ""
| #define PACKAGE "libsecp256k1"
| #define VERSION "0.1"
| #define STDC_HEADERS 1
| #define HAVE_SYS_TYPES_H 1
| #define HAVE_SYS_STAT_H 1
| #define HAVE_STDLIB_H 1
| #define HAVE_STRING_H 1
| #define HAVE_MEMORY_H 1
| #define HAVE_STRINGS_H 1
| #define HAVE_INTTYPES_H 1
| #define HAVE_STDINT_H 1
| #define HAVE_UNISTD_H 1
| #define HAVE_DLFCN_H 1
| #define LT_OBJDIR ".libs/"
| #define HAVE_BUILTIN_EXPECT 1
| #define USE_FIELD_10X26 1
| #define USE_NUM_NONE 1
| #define USE_FIELD_INV_BUILTIN 1
| #define USE_SCALAR_INV_BUILTIN 1
| #define USE_SCALAR_8X32 1
| #define HAVE_LIBCRYPTO 1
| #define ENABLE_OPENSSL_TESTS 1
| #define USE_ECMULT_STATIC_PRECOMPUTATION 1
| #define ENABLE_MODULE_ECDH 1
| #define ENABLE_MODULE_RECOVERY 1
| /* end confdefs.h.  */
| #ifndef __APPLE_CC__
| 	       not a universal capable compiler
| 	     #endif
| 	     typedef int dummy;
| 
configure:14375: arm-linux-gnueabihf-gcc -c -pipe -O2  -W -std=c89 -pedantic -Wall -Wextra -Wcast-align -Wnested-externs -Wshadow -Wstrict-prototypes -Wno-unused-function -Wno-long-long -Wno-overlength-strings -fvisibility=hidden -O3 -I/home/ge/opt/qtum/depends/arm-linux-gnueabihf/share/../include/  conftest.c >&5
conftest.c:38:1: warning: function declaration isn't a prototype [-Wstrict-prototypes]
 main ()
 ^
conftest.c: In function 'main':
conftest.c:41:8: error: unknown type name 'bogus'
        bogus endian macros
        ^
conftest.c:41:21: error: expected '=', ',', ';', 'asm' or '__attribute__' before 'macros'
        bogus endian macros
                     ^
configure:14375: $? = 1
configure: failed program was:
| /* confdefs.h */
| #define PACKAGE_NAME "libsecp256k1"
| #define PACKAGE_TARNAME "libsecp256k1"
| #define PACKAGE_VERSION "0.1"
| #define PACKAGE_STRING "libsecp256k1 0.1"
| #define PACKAGE_BUGREPORT ""
| #define PACKAGE_URL ""
| #define PACKAGE "libsecp256k1"
| #define VERSION "0.1"
| #define STDC_HEADERS 1
| #define HAVE_SYS_TYPES_H 1
| #define HAVE_SYS_STAT_H 1
| #define HAVE_STDLIB_H 1
| #define HAVE_STRING_H 1
| #define HAVE_MEMORY_H 1
| #define HAVE_STRINGS_H 1
| #define HAVE_INTTYPES_H 1
| #define HAVE_STDINT_H 1
| #define HAVE_UNISTD_H 1
| #define HAVE_DLFCN_H 1
| #define LT_OBJDIR ".libs/"
| #define HAVE_BUILTIN_EXPECT 1
| #define USE_FIELD_10X26 1
| #define USE_NUM_NONE 1
| #define USE_FIELD_INV_BUILTIN 1
| #define USE_SCALAR_INV_BUILTIN 1
| #define USE_SCALAR_8X32 1
| #define HAVE_LIBCRYPTO 1
| #define ENABLE_OPENSSL_TESTS 1
| #define USE_ECMULT_STATIC_PRECOMPUTATION 1
| #define ENABLE_MODULE_ECDH 1
| #define ENABLE_MODULE_RECOVERY 1
| /* end confdefs.h.  */
| #include <sys/types.h>
| 	     #include <sys/param.h>
| 
| int
| main ()
| {
| #if ! (defined BYTE_ORDER && defined BIG_ENDIAN 		     && defined LITTLE_ENDIAN && BYTE_ORDER && BIG_ENDIAN 		     && LITTLE_ENDIAN)
| 	      bogus endian macros
| 	     #endif
| 
|   ;
|   return 0;
| }
configure:14419: arm-linux-gnueabihf-gcc -c -pipe -O2  -W -std=c89 -pedantic -Wall -Wextra -Wcast-align -Wnested-externs -Wshadow -Wstrict-prototypes -Wno-unused-function -Wno-long-long -Wno-overlength-strings -fvisibility=hidden -O3 -I/home/ge/opt/qtum/depends/arm-linux-gnueabihf/share/../include/  conftest.c >&5
conftest.c:37:1: warning: function declaration isn't a prototype [-Wstrict-prototypes]
 main ()
 ^
conftest.c: In function 'main':
conftest.c:40:8: error: unknown type name 'bogus'
        bogus endian macros
        ^
conftest.c:40:21: error: expected '=', ',', ';', 'asm' or '__attribute__' before 'macros'
        bogus endian macros
                     ^
configure:14419: $? = 1
configure: failed program was:
| /* confdefs.h */
| #define PACKAGE_NAME "libsecp256k1"
| #define PACKAGE_TARNAME "libsecp256k1"
| #define PACKAGE_VERSION "0.1"
| #define PACKAGE_STRING "libsecp256k1 0.1"
| #define PACKAGE_BUGREPORT ""
| #define PACKAGE_URL ""
| #define PACKAGE "libsecp256k1"
| #define VERSION "0.1"
| #define STDC_HEADERS 1
| #define HAVE_SYS_TYPES_H 1
| #define HAVE_SYS_STAT_H 1
| #define HAVE_STDLIB_H 1
| #define HAVE_STRING_H 1
| #define HAVE_MEMORY_H 1
| #define HAVE_STRINGS_H 1
| #define HAVE_INTTYPES_H 1
| #define HAVE_STDINT_H 1
| #define HAVE_UNISTD_H 1
| #define HAVE_DLFCN_H 1
| #define LT_OBJDIR ".libs/"
| #define HAVE_BUILTIN_EXPECT 1
| #define USE_FIELD_10X26 1
| #define USE_NUM_NONE 1
| #define USE_FIELD_INV_BUILTIN 1
| #define USE_SCALAR_INV_BUILTIN 1
| #define USE_SCALAR_8X32 1
| #define HAVE_LIBCRYPTO 1
| #define ENABLE_OPENSSL_TESTS 1
| #define USE_ECMULT_STATIC_PRECOMPUTATION 1
| #define ENABLE_MODULE_ECDH 1
| #define ENABLE_MODULE_RECOVERY 1
| /* end confdefs.h.  */
| #include <limits.h>
| 
| int
| main ()
| {
| #if ! (defined _LITTLE_ENDIAN || defined _BIG_ENDIAN)
| 	      bogus endian macros
| 	     #endif
| 
|   ;
|   return 0;
| }
configure:14475: arm-linux-gnueabihf-gcc -c -pipe -O2  -W -std=c89 -pedantic -Wall -Wextra -Wcast-align -Wnested-externs -Wshadow -Wstrict-prototypes -Wno-unused-function -Wno-long-long -Wno-overlength-strings -fvisibility=hidden -O3 -I/home/ge/opt/qtum/depends/arm-linux-gnueabihf/share/../include/  conftest.c >&5
conftest.c:42:5: warning: overflow in implicit constant conversion [-Woverflow]
     { 0x89D3, 0xE3E3, 0x8593, 0x95C5, 0x89C4, 0x9581, 0 };
     ^
conftest.c:42:5: warning: overflow in implicit constant conversion [-Woverflow]
conftest.c:42:5: warning: overflow in implicit constant conversion [-Woverflow]
conftest.c:42:5: warning: overflow in implicit constant conversion [-Woverflow]
conftest.c:42:5: warning: overflow in implicit constant conversion [-Woverflow]
conftest.c:42:5: warning: overflow in implicit constant conversion [-Woverflow]
conftest.c:44:5: warning: overflow in implicit constant conversion [-Woverflow]
     { 0xC2C9, 0xC785, 0x95C4, 0x8981, 0x95E2, 0xA8E2, 0 };
     ^
conftest.c:44:5: warning: overflow in implicit constant conversion [-Woverflow]
conftest.c:44:5: warning: overflow in implicit constant conversion [-Woverflow]
conftest.c:44:5: warning: overflow in implicit constant conversion [-Woverflow]
conftest.c:44:5: warning: overflow in implicit constant conversion [-Woverflow]
conftest.c:44:5: warning: overflow in implicit constant conversion [-Woverflow]
conftest.c:51:1: warning: function declaration isn't a prototype [-Wstrict-prototypes]
 main ()
 ^
configure:14475: $? = 0
configure:14521: result: no
configure:14546: Using static precomputation: yes
configure:14548: Using assembly optimizations: no
configure:14550: Using field implementation: 32bit
configure:14552: Using bignum implementation: no
configure:14554: Using scalar implementation: 32bit
configure:14556: Using endomorphism optimizations: no
configure:14558: Building for coverage analysis: no
configure:14560: Building ECDH module: yes
configure:14562: Building ECDSA pubkey recovery module: yes
configure:14564: Using jni: no
configure:14568: ******
configure:14570: WARNING: experimental build
configure:14572: Experimental features do not have stable APIs or properties, and may not be safe for production use.
configure:14574: Building ECDH module: yes
configure:14576: ******
configure:14790: checking that generated files are newer than configure
configure:14796: result: done
configure:14868: creating ./config.status

## ---------------------- ##
## Running config.status. ##
## ---------------------- ##

This file was extended by libsecp256k1 config.status 0.1, which was
generated by GNU Autoconf 2.69.  Invocation command line was

  CONFIG_FILES    = 
  CONFIG_HEADERS  = 
  CONFIG_LINKS    = 
  CONFIG_COMMANDS = 
  $ ./config.status 

on Ge-PC

config.status:1139: creating Makefile
config.status:1139: creating libsecp256k1.pc
config.status:1139: creating src/libsecp256k1-config.h
config.status:1368: executing depfiles commands
config.status:1368: executing libtool commands

## ---------------- ##
## Cache variables. ##
## ---------------- ##

ac_cv_build=x86_64-unknown-linux-gnu
ac_cv_build_prog_CPP='gcc -E'
ac_cv_build_prog_cc_g=yes
ac_cv_c_bigendian=no
ac_cv_c_compiler_gnu=yes
ac_cv_env_CCASFLAGS_set=
ac_cv_env_CCASFLAGS_value=
ac_cv_env_CCAS_set=
ac_cv_env_CCAS_value=
ac_cv_env_CC_set=
ac_cv_env_CC_value=
ac_cv_env_CFLAGS_set=
ac_cv_env_CFLAGS_value=
ac_cv_env_CPPFLAGS_set=
ac_cv_env_CPPFLAGS_value=
ac_cv_env_CPP_set=
ac_cv_env_CPP_value=
ac_cv_env_CRYPTO_CFLAGS_set=
ac_cv_env_CRYPTO_CFLAGS_value=
ac_cv_env_CRYPTO_LIBS_set=
ac_cv_env_CRYPTO_LIBS_value=
ac_cv_env_LDFLAGS_set=set
ac_cv_env_LDFLAGS_value=-static-libstdc++
ac_cv_env_LIBS_set=
ac_cv_env_LIBS_value=
ac_cv_env_PKG_CONFIG_LIBDIR_set=
ac_cv_env_PKG_CONFIG_LIBDIR_value=
ac_cv_env_PKG_CONFIG_PATH_set=
ac_cv_env_PKG_CONFIG_PATH_value=
ac_cv_env_PKG_CONFIG_set=
ac_cv_env_PKG_CONFIG_value=
ac_cv_env_build_alias_set=
ac_cv_env_build_alias_value=
ac_cv_env_host_alias_set=
ac_cv_env_host_alias_value=
ac_cv_env_target_alias_set=
ac_cv_env_target_alias_value=
ac_cv_header_dlfcn_h=yes
ac_cv_header_inttypes_h=yes
ac_cv_header_memory_h=yes
ac_cv_header_stdc=yes
ac_cv_header_stdint_h=yes
ac_cv_header_stdlib_h=yes
ac_cv_header_string_h=yes
ac_cv_header_strings_h=yes
ac_cv_header_sys_stat_h=yes
ac_cv_header_sys_types_h=yes
ac_cv_header_unistd_h=yes
ac_cv_host=arm-unknown-linux-gnueabihf
ac_cv_lib_crypto_main=yes
ac_cv_objext=o
ac_cv_path_AR=/usr/bin/arm-linux-gnueabihf-ar
ac_cv_path_EGREP='/bin/grep -E'
ac_cv_path_FGREP='/bin/grep -F'
ac_cv_path_GREP=/bin/grep
ac_cv_path_PKG_CONFIG='/usr/bin/pkg-config --static'
ac_cv_path_RANLIB=/usr/bin/arm-linux-gnueabihf-ranlib
ac_cv_path_SED=/bin/sed
ac_cv_path_STRIP=/usr/bin/arm-linux-gnueabihf-strip
ac_cv_path_ac_pt_AR=arm-linux-gnueabihf-ar
ac_cv_path_ac_pt_NM=arm-linux-gnueabihf-nm
ac_cv_path_ac_pt_RANLIB=arm-linux-gnueabihf-ranlib
ac_cv_path_install='/usr/bin/install -c'
ac_cv_path_mkdir=/bin/mkdir
ac_cv_prog_AR=arm-linux-gnueabihf-ar
ac_cv_prog_AWK=gawk
ac_cv_prog_CC=arm-linux-gnueabihf-gcc
ac_cv_prog_CPP='arm-linux-gnueabihf-gcc -E'
ac_cv_prog_OBJDUMP=arm-linux-gnueabihf-objdump
ac_cv_prog_RANLIB=arm-linux-gnueabihf-ranlib
ac_cv_prog_STRIP=arm-linux-gnueabihf-strip
ac_cv_prog_ac_ct_CC_FOR_BUILD=gcc
ac_cv_prog_ac_ct_MANIFEST_TOOL=mt
ac_cv_prog_cc_c89=
ac_cv_prog_cc_g=yes
ac_cv_prog_make_make_set=yes
ac_cv_type___int128=no
am_cv_CCAS_dependencies_compiler_type=gcc3
am_cv_CC_dependencies_compiler_type=gcc3
am_cv_make_support_nested_variables=yes
am_cv_prog_cc_c_o=yes
lt_cv_ar_at_file=@
lt_cv_deplibs_check_method=pass_all
lt_cv_file_magic_cmd='$MAGIC_CMD'
lt_cv_file_magic_test_file=
lt_cv_ld_reload_flag=-r
lt_cv_nm_interface='BSD nm'
lt_cv_objdir=.libs
lt_cv_path_LD=/usr/arm-linux-gnueabihf/bin/ld
lt_cv_path_NM=arm-linux-gnueabihf-nm
lt_cv_path_mainfest_tool=no
lt_cv_prog_compiler_c_o=yes
lt_cv_prog_compiler_pic='-fPIC -DPIC'
lt_cv_prog_compiler_pic_works=yes
lt_cv_prog_compiler_rtti_exceptions=no
lt_cv_prog_compiler_static_works=yes
lt_cv_prog_gnu_ld=yes
lt_cv_sharedlib_from_linklib_cmd='printf %s\n'
lt_cv_shlibpath_overrides_runpath=no
lt_cv_sys_global_symbol_pipe='sed -n -e '\''s/^.*[	 ]\([ABCDGIRSTW][ABCDGIRSTW]*\)[	 ][	 ]*\([_A-Za-z][_A-Za-z0-9]*\)$/\1 \2 \2/p'\'' | sed '\''/ __gnu_lto/d'\'''
lt_cv_sys_global_symbol_to_c_name_address='sed -n -e '\''s/^: \([^ ]*\)[ ]*$/  {\"\1\", (void *) 0},/p'\'' -e '\''s/^[ABCDGIRSTW]* \([^ ]*\) \([^ ]*\)$/  {"\2", (void *) \&\2},/p'\'''
lt_cv_sys_global_symbol_to_c_name_address_lib_prefix='sed -n -e '\''s/^: \([^ ]*\)[ ]*$/  {\"\1\", (void *) 0},/p'\'' -e '\''s/^[ABCDGIRSTW]* \([^ ]*\) \(lib[^ ]*\)$/  {"\2", (void *) \&\2},/p'\'' -e '\''s/^[ABCDGIRSTW]* \([^ ]*\) \([^ ]*\)$/  {"lib\2", (void *) \&\2},/p'\'''
lt_cv_sys_global_symbol_to_cdecl='sed -n -e '\''s/^T .* \(.*\)$/extern int \1();/p'\'' -e '\''s/^[ABCDGIRSTW]* .* \(.*\)$/extern char \1;/p'\'''
lt_cv_sys_max_cmd_len=1572864
lt_cv_to_host_file_cmd=func_convert_file_noop
lt_cv_to_tool_file_cmd=func_convert_file_noop
pkg_cv_CRYPTO_CFLAGS='-I/home/ge/opt/qtum/depends/arm-linux-gnueabihf/include  '
pkg_cv_CRYPTO_LIBS='-L/home/ge/opt/qtum/depends/arm-linux-gnueabihf/lib -lcrypto -ldl  '

## ----------------- ##
## Output variables. ##
## ----------------- ##

ACLOCAL='${SHELL} /home/ge/opt/qtum/src/secp256k1/build-aux/missing aclocal-1.14'
AMDEPBACKSLASH='\'
AMDEP_FALSE='#'
AMDEP_TRUE=''
AMTAR='$${TAR-tar}'
AM_BACKSLASH='\'
AM_DEFAULT_V='$(AM_DEFAULT_VERBOSITY)'
AM_DEFAULT_VERBOSITY='0'
AM_V='$(V)'
AR='/usr/bin/arm-linux-gnueabihf-ar'
AUTOCONF='${SHELL} /home/ge/opt/qtum/src/secp256k1/build-aux/missing autoconf'
AUTOHEADER='${SHELL} /home/ge/opt/qtum/src/secp256k1/build-aux/missing autoheader'
AUTOMAKE='${SHELL} /home/ge/opt/qtum/src/secp256k1/build-aux/missing automake-1.14'
AWK='gawk'
BREW=''
BUILD_EXEEXT=''
BUILD_OBJEXT=''
CC='arm-linux-gnueabihf-gcc'
CCAS='arm-linux-gnueabihf-gcc'
CCASDEPMODE='depmode=gcc3'
CCASFLAGS='-pipe -O2 '
CCDEPMODE='depmode=gcc3'
CC_FOR_BUILD='gcc'
CFLAGS='-pipe -O2  -W -std=c89 -pedantic -Wall -Wextra -Wcast-align -Wnested-externs -Wshadow -Wstrict-prototypes -Wno-unused-function -Wno-long-long -Wno-overlength-strings -fvisibility=hidden -O3'
CFLAGS_FOR_BUILD='-g -O2'
CPP='arm-linux-gnueabihf-gcc -E'
CPPFLAGS='-I/home/ge/opt/qtum/depends/arm-linux-gnueabihf/share/../include/ '
CPPFLAGS_FOR_BUILD=''
CPP_FOR_BUILD='gcc -E'
CRYPTO_CFLAGS='-I/home/ge/opt/qtum/depends/arm-linux-gnueabihf/include  '
CRYPTO_LIBS='-L/home/ge/opt/qtum/depends/arm-linux-gnueabihf/lib -lcrypto -ldl  '
CYGPATH_W='echo'
DEFS='-DHAVE_CONFIG_H'
DEPDIR='.deps'
DLLTOOL='false'
DSYMUTIL=''
DUMPBIN=''
ECHO_C=''
ECHO_N='-n'
ECHO_T=''
EGREP='/bin/grep -E'
ENABLE_COVERAGE_FALSE=''
ENABLE_COVERAGE_TRUE='#'
ENABLE_MODULE_ECDH_FALSE='#'
ENABLE_MODULE_ECDH_TRUE=''
ENABLE_MODULE_RECOVERY_FALSE='#'
ENABLE_MODULE_RECOVERY_TRUE=''
EXEEXT=''
FGREP='/bin/grep -F'
GREP='/bin/grep'
INSTALL_DATA='${INSTALL} -m 644'
INSTALL_PROGRAM='${INSTALL}'
INSTALL_SCRIPT='${INSTALL}'
INSTALL_STRIP_PROGRAM='$(install_sh) -c -s'
JNI_INCLUDES=''
LD='/usr/arm-linux-gnueabihf/bin/ld'
LDFLAGS='-L/home/ge/opt/qtum/depends/arm-linux-gnueabihf/share/../lib -static-libstdc++'
LDFLAGS_FOR_BUILD=''
LIBOBJS=''
LIBS=''
LIBTOOL='$(SHELL) $(top_builddir)/libtool'
LIPO=''
LN_S='ln -s'
LTLIBOBJS=''
MAKEINFO='${SHELL} /home/ge/opt/qtum/src/secp256k1/build-aux/missing makeinfo'
MANIFEST_TOOL=':'
MKDIR_P='/bin/mkdir -p'
NM='arm-linux-gnueabihf-nm'
NMEDIT=''
OBJDUMP='arm-linux-gnueabihf-objdump'
OBJEXT='o'
OTOOL64=''
OTOOL=''
PACKAGE='libsecp256k1'
PACKAGE_BUGREPORT=''
PACKAGE_NAME='libsecp256k1'
PACKAGE_STRING='libsecp256k1 0.1'
PACKAGE_TARNAME='libsecp256k1'
PACKAGE_URL=''
PACKAGE_VERSION='0.1'
PATH_SEPARATOR=':'
PKG_CONFIG='/usr/bin/pkg-config --static'
PKG_CONFIG_LIBDIR=''
PKG_CONFIG_PATH='/home/ge/opt/qtum/depends/arm-linux-gnueabihf/share/../share/pkgconfig:/home/ge/opt/qtum/depends/arm-linux-gnueabihf/share/../lib/pkgconfig'
PORT=''
RANLIB='/usr/bin/arm-linux-gnueabihf-ranlib'
SECP_INCLUDES=''
SECP_LIBS=''
SECP_TEST_INCLUDES=' -I/home/ge/opt/qtum/depends/arm-linux-gnueabihf/include  '
SECP_TEST_LIBS='-L/home/ge/opt/qtum/depends/arm-linux-gnueabihf/lib -lcrypto -ldl  '
SED='/bin/sed'
SET_MAKE=''
SHELL='/bin/bash'
STRIP='/usr/bin/arm-linux-gnueabihf-strip'
USE_ASM_ARM_FALSE=''
USE_ASM_ARM_TRUE='#'
USE_BENCHMARK_FALSE=''
USE_BENCHMARK_TRUE='#'
USE_ECMULT_STATIC_PRECOMPUTATION_FALSE='#'
USE_ECMULT_STATIC_PRECOMPUTATION_TRUE=''
USE_EXHAUSTIVE_TESTS_FALSE='#'
USE_EXHAUSTIVE_TESTS_TRUE=''
USE_EXTERNAL_ASM_FALSE=''
USE_EXTERNAL_ASM_TRUE='#'
USE_JNI_FALSE=''
USE_JNI_TRUE='#'
USE_TESTS_FALSE='#'
USE_TESTS_TRUE=''
VERSION='0.1'
_ACJNI_JAVAC=''
ac_ct_AR=''
ac_ct_CC=''
ac_ct_CC_FOR_BUILD='gcc'
ac_ct_DUMPBIN=''
am__EXEEXT_FALSE=''
am__EXEEXT_TRUE='#'
am__fastdepCCAS_FALSE='#'
am__fastdepCCAS_TRUE=''
am__fastdepCC_FALSE='#'
am__fastdepCC_TRUE=''
am__include='include'
am__isrc=''
am__leading_dot='.'
am__nodep='_no'
am__quote=''
am__tar='$${TAR-tar} chof - "$$tardir"'
am__untar='$${TAR-tar} xf -'
bindir='${exec_prefix}/bin'
build='x86_64-unknown-linux-gnu'
build_alias=''
build_cpu='x86_64'
build_os='linux-gnu'
build_vendor='unknown'
datadir='${datarootdir}'
datarootdir='${prefix}/share'
docdir='${datarootdir}/doc/${PACKAGE_TARNAME}'
dvidir='${docdir}'
exec_prefix='${prefix}'
host='arm-unknown-linux-gnueabihf'
host_alias='arm-linux-gnueabihf'
host_cpu='arm'
host_os='linux-gnueabihf'
host_vendor='unknown'
htmldir='${docdir}'
includedir='${prefix}/include'
infodir='${datarootdir}/info'
install_sh='${SHELL} /home/ge/opt/qtum/src/secp256k1/build-aux/install-sh'
libdir='${exec_prefix}/lib'
libexecdir='${exec_prefix}/libexec'
localedir='${datarootdir}/locale'
localstatedir='${prefix}/var'
mandir='${datarootdir}/man'
mkdir_p='$(MKDIR_P)'
oldincludedir='/usr/include'
pdfdir='${docdir}'
prefix='/home/ge/opt/qtum/depends/arm-linux-gnueabihf'
program_transform_name='s,x,x,'
psdir='${docdir}'
sbindir='${exec_prefix}/sbin'
sharedstatedir='${prefix}/com'
sysconfdir='${prefix}/etc'
target_alias=''

## ----------- ##
## confdefs.h. ##
## ----------- ##

/* confdefs.h */
#define PACKAGE_NAME "libsecp256k1"
#define PACKAGE_TARNAME "libsecp256k1"
#define PACKAGE_VERSION "0.1"
#define PACKAGE_STRING "libsecp256k1 0.1"
#define PACKAGE_BUGREPORT ""
#define PACKAGE_URL ""
#define PACKAGE "libsecp256k1"
#define VERSION "0.1"
#define STDC_HEADERS 1
#define HAVE_SYS_TYPES_H 1
#define HAVE_SYS_STAT_H 1
#define HAVE_STDLIB_H 1
#define HAVE_STRING_H 1
#define HAVE_MEMORY_H 1
#define HAVE_STRINGS_H 1
#define HAVE_INTTYPES_H 1
#define HAVE_STDINT_H 1
#define HAVE_UNISTD_H 1
#define HAVE_DLFCN_H 1
#define LT_OBJDIR ".libs/"
#define HAVE_BUILTIN_EXPECT 1
#define USE_FIELD_10X26 1
#define USE_NUM_NONE 1
#define USE_FIELD_INV_BUILTIN 1
#define USE_SCALAR_INV_BUILTIN 1
#define USE_SCALAR_8X32 1
#define HAVE_LIBCRYPTO 1
#define ENABLE_OPENSSL_TESTS 1
#define USE_ECMULT_STATIC_PRECOMPUTATION 1
#define ENABLE_MODULE_ECDH 1
#define ENABLE_MODULE_RECOVERY 1

configure: exit 0
